Grammar

    0 $accept: S $end

    1 S: A S B B
    2  | A B B
    3  | error


Terminals, with rules where they appear

    $end (0) 0
    error (256) 3
    A (258) 1 2
    B (259) 1 2


Nonterminals, with rules where they appear

    $accept (5)
        on left: 0
    S (6)
        on left: 1 2 3
        on right: 0 1


State 0

    0 $accept: • S $end

    error  shift, and go to state 1
    A      shift, and go to state 2

    S  go to state 3


State 1

    3 S: error •

    $default  reduce using rule 3 (S)


State 2

    1 S: A • S B B
    2  | A • B B

    error  shift, and go to state 1
    A      shift, and go to state 2
    B      shift, and go to state 4

    S  go to state 5


State 3

    0 $accept: S • $end

    $end  shift, and go to state 6


State 4

    2 S: A B • B

    B  shift, and go to state 7


State 5

    1 S: A S • B B

    B  shift, and go to state 8


State 6

    0 $accept: S $end •

    $default  accept


State 7

    2 S: A B B •

    $default  reduce using rule 2 (S)


State 8

    1 S: A S B • B

    B  shift, and go to state 9


State 9

    1 S: A S B B •

    $default  reduce using rule 1 (S)
